<?xml version="1.0" encoding="UTF-8"?>
<testng-results ignored="2" total="4" passed="2" failed="0" skipped="0">
  <reporter-output>
  </reporter-output>
  <suite started-at="2022-09-02T05:48:11Z" name="Suite" finished-at="2022-09-02T05:48:11Z" duration-ms="61">
    <groups>
      <group name="regressionTesting">
        <method signature="ToPerformGroupExecution.addToCart()[pri:0, instance:com.timekeeping.actitime.seleniumAutomation.com.timekeeping.actitime.seleniumAutomation.ToPerformGroupExecution@60b4beb4]" name="addToCart" class="com.timekeeping.actitime.seleniumAutomation.com.timekeeping.actitime.seleniumAutomation.ToPerformGroupExecution"/>
        <method signature="ToPerformGroupExecution.select()[pri:0, instance:com.timekeeping.actitime.seleniumAutomation.com.timekeeping.actitime.seleniumAutomation.ToPerformGroupExecution@60b4beb4]" name="select" class="com.timekeeping.actitime.seleniumAutomation.com.timekeeping.actitime.seleniumAutomation.ToPerformGroupExecution"/>
      </group> <!-- regressionTesting -->
    </groups>
    <test started-at="2022-09-02T05:48:11Z" name="Test" finished-at="2022-09-02T05:48:11Z" duration-ms="61">
      <class name="com.timekeeping.actitime.seleniumAutomation.com.timekeeping.actitime.seleniumAutomation.ToPerformGroupExecution">
        <test-method signature="addToCart()[pri:0, instance:com.timekeeping.actitime.seleniumAutomation.com.timekeeping.actitime.seleniumAutomation.ToPerformGroupExecution@60b4beb4]" started-at="2022-09-02T05:48:11Z" name="addToCart" finished-at="2022-09-02T05:48:11Z" duration-ms="21" status="PASS">
          <reporter-output>
          </reporter-output>
        </test-method> <!-- addToCart -->
        <test-method signature="select()[pri:0, instance:com.timekeeping.actitime.seleniumAutomation.com.timekeeping.actitime.seleniumAutomation.ToPerformGroupExecution@60b4beb4]" started-at="2022-09-02T05:48:11Z" name="select" finished-at="2022-09-02T05:48:11Z" duration-ms="1" status="PASS">
          <reporter-output>
          </reporter-output>
        </test-method> <!-- select -->
      </class> <!-- com.timekeeping.actitime.seleniumAutomation.com.timekeeping.actitime.seleniumAutomation.ToPerformGroupExecution -->
    </test> <!-- Test -->
  </suite> <!-- Suite -->
</testng-results>
