<?xml version="1.0" encoding="UTF-8"?>
<!-- Generated by org.testng.reporters.JUnitXMLReporter -->
<testsuite ignored="2" hostname="AKII" failures="0" tests="2" name="Test" time="0.061" errors="0" timestamp="02 Sep 2022 05:48:11 GMT">
  <testcase classname="com.timekeeping.actitime.seleniumAutomation.com.timekeeping.actitime.seleniumAutomation.ToPerformGroupExecution" name="addToCart" time="0.021"/>
  <testcase classname="com.timekeeping.actitime.seleniumAutomation.com.timekeeping.actitime.seleniumAutomation.ToPerformGroupExecution" name="select" time="0.001"/>
  <testcase classname="com.timekeeping.actitime.seleniumAutomation.com.timekeeping.actitime.seleniumAutomation.ToPerformGroupExecution" name="login" time="0.0">
    <ignored/>
  </testcase> <!-- login -->
  <testcase classname="com.timekeeping.actitime.seleniumAutomation.com.timekeeping.actitime.seleniumAutomation.ToPerformGroupExecution" name="logout" time="0.0">
    <ignored/>
  </testcase> <!-- logout -->
</testsuite> <!-- Test -->
